Start testing: Feb 23 18:12 +03
----------------------------------------------------------
1/6 Testing: ewma
1/6 Test: ewma
Command: "/home/baris/mycoflow-core/build-static/src/test_ewma"
Directory: /home/baris/mycoflow-core/build-static/src
"ewma" start time: Feb 23 18:12 +03
Output:
----------------------------------------------------------
ALL TESTS PASSED
Tests run: 2
<end of output>
Test time =   0.00 sec
----------------------------------------------------------
Test Passed.
"ewma" end time: Feb 23 18:12 +03
"ewma" time elapsed: 00:00:00
----------------------------------------------------------

2/6 Testing: act
2/6 Test: act
Command: "/home/baris/mycoflow-core/build-static/src/test_act"
Directory: /home/baris/mycoflow-core/build-static/src
"act" start time: Feb 23 18:12 +03
Output:
----------------------------------------------------------
2026-02-23T18:12:10.654 [INFO] act: tc disabled, would setup IFB ifb0 <- eth0 @ 10000 kbit
2026-02-23T18:12:10.655 [WARN] act: invalid interface name: wan='eth0; reboot' ifb='ifb0'
2026-02-23T18:12:10.655 [WARN] act: invalid interface name: wan='eth0' ifb='ifb0$(id)'
2026-02-23T18:12:10.655 [WARN] act: invalid interface name: wan='' ifb='ifb0'
2026-02-23T18:12:10.655 [WARN] act: forced actuation failure (ingress setup)
2026-02-23T18:12:10.655 [INFO] act: tc disabled, would setup IFB ifb0 <- eth0.1 @ 10000 kbit
2026-02-23T18:12:10.655 [INFO] act: tc disabled, would set ingress rtt 50ms persona=interactive
2026-02-23T18:12:10.655 [INFO] act: tc disabled, would set ingress rtt 200ms persona=bulk
2026-02-23T18:12:10.655 [INFO] act: tc disabled, would set ingress rtt 100ms persona=unknown
2026-02-23T18:12:10.655 [WARN] act: invalid ingress interface name: 'ifb0 && evil'
ALL TESTS PASSED
Tests run: 14
<end of output>
Test time =   0.00 sec
----------------------------------------------------------
Test Passed.
"act" end time: Feb 23 18:12 +03
"act" time elapsed: 00:00:00
----------------------------------------------------------

3/6 Testing: control
3/6 Test: control
Command: "/home/baris/mycoflow-core/build-static/src/test_control"
Directory: /home/baris/mycoflow-core/build-static/src
"control" start time: Feb 23 18:12 +03
Output:
----------------------------------------------------------
2026-02-23T18:12:10.656 [WARN] control: actuation failed, entering safe mode
ALL TESTS PASSED
Tests run: 2
<end of output>
Test time =   0.00 sec
----------------------------------------------------------
Test Passed.
"control" end time: Feb 23 18:12 +03
"control" time elapsed: 00:00:00
----------------------------------------------------------

4/6 Testing: config
4/6 Test: config
Command: "/home/baris/mycoflow-core/build-static/src/test_config"
Directory: /home/baris/mycoflow-core/build-static/src
"config" start time: Feb 23 18:12 +03
Output:
----------------------------------------------------------
ALL TESTS PASSED
Tests run: 4
<end of output>
Test time =   5.22 sec
----------------------------------------------------------
Test Passed.
"config" end time: Feb 23 18:12 +03
"config" time elapsed: 00:00:05
----------------------------------------------------------

5/6 Testing: persona
5/6 Test: persona
Command: "/home/baris/mycoflow-core/build-static/src/test_persona"
Directory: /home/baris/mycoflow-core/build-static/src
"persona" start time: Feb 23 18:12 +03
Output:
----------------------------------------------------------
2026-02-23T18:12:15.880 [INFO] persona: persona changed: unknown -> interactive
2026-02-23T18:12:15.880 [INFO] persona: persona changed: interactive -> bulk
ALL TESTS PASSED
Tests run: 1
<end of output>
Test time =   0.00 sec
----------------------------------------------------------
Test Passed.
"persona" end time: Feb 23 18:12 +03
"persona" time elapsed: 00:00:00
----------------------------------------------------------

6/6 Testing: device
6/6 Test: device
Command: "/home/baris/mycoflow-core/build-static/src/test_device"
Directory: /home/baris/mycoflow-core/build-static/src
"device" start time: Feb 23 18:12 +03
Output:
----------------------------------------------------------
2026-02-23T18:12:15.882 [INFO] persona: persona changed: unknown -> interactive
2026-02-23T18:12:15.882 [INFO] device: 192.168.1.10 persona: unknown -> interactive
2026-02-23T18:12:15.882 [INFO] persona: persona changed: unknown -> bulk
2026-02-23T18:12:15.882 [INFO] device: 192.168.1.20 persona: unknown -> bulk
ALL TESTS PASSED
Tests run: 3
<end of output>
Test time =   0.00 sec
----------------------------------------------------------
Test Passed.
"device" end time: Feb 23 18:12 +03
"device" time elapsed: 00:00:00
----------------------------------------------------------

End testing: Feb 23 18:12 +03
