Start testing: Apr 27 19:14 +03
----------------------------------------------------------
1/13 Testing: ewma
1/13 Test: ewma
Command: "/home/baris/mycoflow-core/build-aarch64/src/test_ewma"
Directory: /home/baris/mycoflow-core/build-aarch64/src
"ewma" start time: Apr 27 19:14 +03
Output:
----------------------------------------------------------
/home/baris/mycoflow-core/build-aarch64/src/test_ewma: 1: Syntax error: word unexpected (expecting ")")
<end of output>
Test time =   0.01 sec
----------------------------------------------------------
Test Failed.
"ewma" end time: Apr 27 19:14 +03
"ewma" time elapsed: 00:00:00
----------------------------------------------------------

2/13 Testing: act
2/13 Test: act
Command: "/home/baris/mycoflow-core/build-aarch64/src/test_act"
Directory: /home/baris/mycoflow-core/build-aarch64/src
"act" start time: Apr 27 19:14 +03
Output:
----------------------------------------------------------
/home/baris/mycoflow-core/build-aarch64/src/test_act: 1: Syntax error: Unterminated quoted string
<end of output>
Test time =   0.00 sec
----------------------------------------------------------
Test Failed.
"act" end time: Apr 27 19:14 +03
"act" time elapsed: 00:00:00
----------------------------------------------------------

3/13 Testing: control
3/13 Test: control
Command: "/home/baris/mycoflow-core/build-aarch64/src/test_control"
Directory: /home/baris/mycoflow-core/build-aarch64/src
"control" start time: Apr 27 19:14 +03
Output:
----------------------------------------------------------
/home/baris/mycoflow-core/build-aarch64/src/test_control: 1: Syntax error: word unexpected (expecting ")")
<end of output>
Test time =   0.00 sec
----------------------------------------------------------
Test Failed.
"control" end time: Apr 27 19:14 +03
"control" time elapsed: 00:00:00
----------------------------------------------------------

4/13 Testing: config
4/13 Test: config
Command: "/home/baris/mycoflow-core/build-aarch64/src/test_config"
Directory: /home/baris/mycoflow-core/build-aarch64/src
"config" start time: Apr 27 19:14 +03
Output:
----------------------------------------------------------
/home/baris/mycoflow-core/build-aarch64/src/test_config: 1: Syntax error: word unexpected (expecting ")")
<end of output>
Test time =   0.00 sec
----------------------------------------------------------
Test Failed.
"config" end time: Apr 27 19:14 +03
"config" time elapsed: 00:00:00
----------------------------------------------------------

5/13 Testing: persona
5/13 Test: persona
Command: "/home/baris/mycoflow-core/build-aarch64/src/test_persona"
Directory: /home/baris/mycoflow-core/build-aarch64/src
"persona" start time: Apr 27 19:14 +03
Output:
----------------------------------------------------------
/home/baris/mycoflow-core/build-aarch64/src/test_persona: 1: ELF∑@¯—@8@ËæËæ†Õ†Õ†ÕàË: not found
/home/baris/mycoflow-core/build-aarch64/src/test_persona: 1: Syntax error: Unterminated quoted string
<end of output>
Test time =   0.05 sec
----------------------------------------------------------
Test Failed.
"persona" end time: Apr 27 19:14 +03
"persona" time elapsed: 00:00:00
----------------------------------------------------------

6/13 Testing: hint
6/13 Test: hint
Command: "/home/baris/mycoflow-core/build-aarch64/src/test_hint"
Directory: /home/baris/mycoflow-core/build-aarch64/src
"hint" start time: Apr 27 19:14 +03
Output:
----------------------------------------------------------
/home/baris/mycoflow-core/build-aarch64/src/test_hint: 1: ELF∑∏@ÿë@8@®Ö®Öpçpçpçò: not found
/home/baris/mycoflow-core/build-aarch64/src/test_hint: 2: Syntax error: word unexpected (expecting ")")
<end of output>
Test time =   0.04 sec
----------------------------------------------------------
Test Failed.
"hint" end time: Apr 27 19:14 +03
"hint" time elapsed: 00:00:00
----------------------------------------------------------

7/13 Testing: dns
7/13 Test: dns
Command: "/home/baris/mycoflow-core/build-aarch64/src/test_dns"
Directory: /home/baris/mycoflow-core/build-aarch64/src
"dns" start time: Apr 27 19:14 +03
Output:
----------------------------------------------------------
/home/baris/mycoflow-core/build-aarch64/src/test_dns: 1: Syntax error: "(" unexpected
<end of output>
Test time =   0.00 sec
----------------------------------------------------------
Test Failed.
"dns" end time: Apr 27 19:14 +03
"dns" time elapsed: 00:00:00
----------------------------------------------------------

8/13 Testing: device
8/13 Test: device
Command: "/home/baris/mycoflow-core/build-aarch64/src/test_device"
Directory: /home/baris/mycoflow-core/build-aarch64/src
"device" start time: Apr 27 19:14 +03
Output:
----------------------------------------------------------
/home/baris/mycoflow-core/build-aarch64/src/test_device: 1: Syntax error: word unexpected (expecting ")")
<end of output>
Test time =   0.00 sec
----------------------------------------------------------
Test Failed.
"device" end time: Apr 27 19:14 +03
"device" time elapsed: 00:00:00
----------------------------------------------------------

9/13 Testing: service
9/13 Test: service
Command: "/home/baris/mycoflow-core/build-aarch64/src/test_service"
Directory: /home/baris/mycoflow-core/build-aarch64/src
"service" start time: Apr 27 19:14 +03
Output:
----------------------------------------------------------
/home/baris/mycoflow-core/build-aarch64/src/test_service: 1: ELF∑î@ÿë@8@êÉêÉpçpçpçò: not found
/home/baris/mycoflow-core/build-aarch64/src/test_service: 2: Syntax error: word unexpected (expecting ")")
<end of output>
Test time =   0.03 sec
----------------------------------------------------------
Test Failed.
"service" end time: Apr 27 19:14 +03
"service" time elapsed: 00:00:00
----------------------------------------------------------

10/13 Testing: rtt
10/13 Test: rtt
Command: "/home/baris/mycoflow-core/build-aarch64/src/test_rtt"
Directory: /home/baris/mycoflow-core/build-aarch64/src
"rtt" start time: Apr 27 19:14 +03
Output:
----------------------------------------------------------
/home/baris/mycoflow-core/build-aarch64/src/test_rtt: 1: : not found
/home/baris/mycoflow-core/build-aarch64/src/test_rtt: 1: ELF∑º@¯—@8@@√@√†Õ†Õ†Õàò–Õ–Õ–ÕppPÂtdDøDøDøººQÂtdRÂtd†Õ†Õ†ÕË–†Õ0: not found
/home/baris/mycoflow-core/build-aarch64/src/test_rtt: 1: Syntax error: ";" unexpected
<end of output>
Test time =   0.06 sec
----------------------------------------------------------
Test Failed.
"rtt" end time: Apr 27 19:14 +03
"rtt" time elapsed: 00:00:00
----------------------------------------------------------

11/13 Testing: mangle
11/13 Test: mangle
Command: "/home/baris/mycoflow-core/build-aarch64/src/test_mangle"
Directory: /home/baris/mycoflow-core/build-aarch64/src
"mangle" start time: Apr 27 19:14 +03
Output:
----------------------------------------------------------
/home/baris/mycoflow-core/build-aarch64/src/test_mangle: 3: Syntax error: "(" unexpected
<end of output>
Test time =   0.00 sec
----------------------------------------------------------
Test Failed.
"mangle" end time: Apr 27 19:14 +03
"mangle" time elapsed: 00:00:00
----------------------------------------------------------

12/13 Testing: profile
12/13 Test: profile
Command: "/home/baris/mycoflow-core/build-aarch64/src/test_profile"
Directory: /home/baris/mycoflow-core/build-aarch64/src
"profile" start time: Apr 27 19:14 +03
Output:
----------------------------------------------------------
/home/baris/mycoflow-core/build-aarch64/src/test_profile: 1: ELF∑ò: not found
/home/baris/mycoflow-core/build-aarch64/src/test_profile: 2: Syntax error: word unexpected (expecting ")")
<end of output>
Test time =   0.04 sec
----------------------------------------------------------
Test Failed.
"profile" end time: Apr 27 19:14 +03
"profile" time elapsed: 00:00:00
----------------------------------------------------------

13/13 Testing: classifier
13/13 Test: classifier
Command: "/home/baris/mycoflow-core/build-aarch64/src/test_classifier"
Directory: /home/baris/mycoflow-core/build-aarch64/src
"classifier" start time: Apr 27 19:14 +03
Output:
----------------------------------------------------------
/home/baris/mycoflow-core/build-aarch64/src/test_classifier: 1: Syntax error: "(" unexpected
<end of output>
Test time =   0.00 sec
----------------------------------------------------------
Test Failed.
"classifier" end time: Apr 27 19:14 +03
"classifier" time elapsed: 00:00:00
----------------------------------------------------------

End testing: Apr 27 19:14 +03
